-------------------------
sputniPIC Sim. Parameters
-------------------------
Number of species    = 4
Number of particles of species 0 = 4096000	 (MAX = 4096000)  QOM = -64
Number of particles of species 1 = 4096000	 (MAX = 4096000)  QOM = 1
Number of particles of species 2 = 4096000	 (MAX = 4096000)  QOM = -64
Number of particles of species 3 = 4096000	 (MAX = 4096000)  QOM = 1
x-Length                 = 40
y-Length                 = 20
z-Length                 = 1
Number of cells (x)      = 256
Number of cells (y)      = 128
Number of cells (z)      = 1
Time step                = 0.25
Number of cycles         = 10
Results saved in: data
*************************************************
**  Initialize GEM Challenge with Pertubation  **
*************************************************
** B0x = 0.0195
** B0y = 0
** B0z = 0
** Delta (current sheet thickness) = 0.5
** rho species 0 = 1 CURRENT SHEET 
** rho species 1 = 1 CURRENT SHEET 
** rho species 2 = 0.02 BACKGROUND 
** rho species 3 = 0.02 BACKGROUND 
*************************************************

***********************
   cycle = 1
***********************
***  MOVER with SUBCYCLYING 1 - species 0 ***
***  MOVER with SUBCYCLYING 1 - species 1 ***
***  MOVER with SUBCYCLYING 1 - species 2 ***
***  MOVER with SUBCYCLYING 1 - species 3 ***

***********************
   cycle = 2
***********************
***  MOVER with SUBCYCLYING 1 - species 0 ***
***  MOVER with SUBCYCLYING 1 - species 1 ***
***  MOVER with SUBCYCLYING 1 - species 2 ***
***  MOVER with SUBCYCLYING 1 - species 3 ***

***********************
   cycle = 3
***********************
***  MOVER with SUBCYCLYING 1 - species 0 ***
***  MOVER with SUBCYCLYING 1 - species 1 ***
***  MOVER with SUBCYCLYING 1 - species 2 ***
***  MOVER with SUBCYCLYING 1 - species 3 ***

***********************
   cycle = 4
***********************
***  MOVER with SUBCYCLYING 1 - species 0 ***
***  MOVER with SUBCYCLYING 1 - species 1 ***
***  MOVER with SUBCYCLYING 1 - species 2 ***
***  MOVER with SUBCYCLYING 1 - species 3 ***

***********************
   cycle = 5
***********************
***  MOVER with SUBCYCLYING 1 - species 0 ***
***  MOVER with SUBCYCLYING 1 - species 1 ***
***  MOVER with SUBCYCLYING 1 - species 2 ***
***  MOVER with SUBCYCLYING 1 - species 3 ***

***********************
   cycle = 6
***********************
***  MOVER with SUBCYCLYING 1 - species 0 ***
***  MOVER with SUBCYCLYING 1 - species 1 ***
***  MOVER with SUBCYCLYING 1 - species 2 ***
***  MOVER with SUBCYCLYING 1 - species 3 ***

***********************
   cycle = 7
***********************
***  MOVER with SUBCYCLYING 1 - species 0 ***
***  MOVER with SUBCYCLYING 1 - species 1 ***
***  MOVER with SUBCYCLYING 1 - species 2 ***
***  MOVER with SUBCYCLYING 1 - species 3 ***

***********************
   cycle = 8
***********************
***  MOVER with SUBCYCLYING 1 - species 0 ***
***  MOVER with SUBCYCLYING 1 - species 1 ***
***  MOVER with SUBCYCLYING 1 - species 2 ***
***  MOVER with SUBCYCLYING 1 - species 3 ***

***********************
   cycle = 9
***********************
***  MOVER with SUBCYCLYING 1 - species 0 ***
***  MOVER with SUBCYCLYING 1 - species 1 ***
***  MOVER with SUBCYCLYING 1 - species 2 ***
***  MOVER with SUBCYCLYING 1 - species 3 ***

***********************
   cycle = 10
***********************
***  MOVER with SUBCYCLYING 1 - species 0 ***
***  MOVER with SUBCYCLYING 1 - species 1 ***
***  MOVER with SUBCYCLYING 1 - species 2 ***
***  MOVER with SUBCYCLYING 1 - species 3 ***
Opening file: ./data/E_10.vtk
Opening file: ./data/B_10.vtk
Opening file: ./data/rhoe_10.vtk
Opening file: ./data/rhoi_10.vtk
Opening file: ./data/rho_net_10.vtk

**************************************
   Tot. Simulation Time (s) = 61.1266
   Mover Time / Cycle   (s) = 3.4378
   Interp. Time / Cycle (s) = 2.35675
**************************************